This file contains any messages produced by compilers while
running configure, to aid debugging if configure makes a mistake.

It was created by McMini configure 1.0, which was
generated by GNU Autoconf 2.71.  Invocation command line was

  $ ./configure

## --------- ##
## Platform. ##
## --------- ##

hostname = NisargPC
uname -m = x86_64
uname -r = 5.10.16.3-microsoft-standard-WSL2
uname -s = Linux
uname -v = #1 SMP Fri Apr 2 22:23:49 UTC 2021

/usr/bin/uname -p = x86_64
/bin/uname -X     = unknown

/bin/arch              = x86_64
/usr/bin/arch -k       = unknown
/usr/convex/getsysinfo = unknown
/usr/bin/hostinfo      = unknown
/bin/machine           = unknown
/usr/bin/oslevel       = unknown
/bin/universe          = unknown

PATH: /usr/local/sbin/
PATH: /usr/local/bin/
PATH: /usr/sbin/
PATH: /usr/bin/
PATH: /sbin/
PATH: /bin/
PATH: /usr/games/
PATH: /usr/local/games/
PATH: /usr/lib/wsl/lib/
PATH: /mnt/c/Program Files/Common Files/Oracle/Java/javapath/
PATH: /mnt/c/Windows/system32/
PATH: /mnt/c/Windows/
PATH: /mnt/c/Windows/System32/Wbem/
PATH: /mnt/c/Windows/System32/WindowsPowerShell/v1.0/
PATH: /mnt/c/Windows/System32/OpenSSH/
PATH: /mnt/c/Program Files (x86)/NVIDIA Corporation/PhysX/Common/
PATH: /mnt/c/Program Files/NVIDIA Corporation/NVIDIA NvDLISR/
PATH: /mnt/c/Program Files/Git/cmd/
PATH: /mnt/c/Program Files/mongodb/bin/
PATH: /mnt/c/Program Files/mongodb-tools/bin/
PATH: /mnt/c/Program Files/dotnet/
PATH: /mnt/c/Users/patel/AppData/Local/Android/Sdk/platform-tools/
PATH: /mnt/c/Users/patel/AppData/Local/Android/Sdk/build-tools/33.0.0-rc4/
PATH: /mnt/c/Users/patel/PycharmProjects/pythonVENV/venv/Scripts/
PATH: /mnt/c/WINDOWS/system32/
PATH: /mnt/c/WINDOWS/
PATH: /mnt/c/WINDOWS/System32/Wbem/
PATH: /mnt/c/WINDOWS/System32/WindowsPowerShell/v1.0/
PATH: /mnt/c/WINDOWS/System32/OpenSSH/
PATH: /mnt/c/Users/patel/Desktop/Softwares/windows_10_msbuild_Release_graphviz-5.0.0-win32.zip/Graphviz/bin/
PATH: /mnt/c/Program Files/Java/jdk-19/bin/
PATH: /mnt/c/Program Files/Docker/Docker/resources/bin/
PATH: /mnt/c/Program Files/nodejs/
PATH: /mnt/c/Users/patel/Desktop/Softwares/apache-maven-3.8.6-bin/apache-maven-3.8.6/bin/
PATH: /mnt/c/Users/patel/AppData/Local/Microsoft/WindowsApps/
PATH: /mnt/c/Program Files/JetBrains/IntelliJ IDEA 2021.2.2/bin/
PATH: /mnt/c/Users/patel/AppData/Local/GitHubDesktop/bin/
PATH: /mnt/c/Program Files/heroku/bin/
PATH: /mnt/c/Program Files/JetBrains/PyCharm 2021.3.1/bin/
PATH: /mnt/c/Users/patel/AppData/Roaming/npm/
PATH: /mnt/c/Users/patel/AppData/Local/Programs/Microsoft VS Code/bin/
PATH: /snap/bin/


## ----------- ##
## Core tests. ##
## ----------- ##

configure:2657: looking for aux files: config.guess config.sub
configure:2670:  trying ./
configure:2699:   ./config.guess found
configure:2699:   ./config.sub found
configure:2883: checking for g++
configure:2904: found /usr/bin/g++
configure:2915: result: g++
configure:2942: checking for C++ compiler version
configure:2951: g++ --version >&5
g++ (Ubuntu 9.4.0-1ubuntu1~20.04.1) 9.4.0
Copyright (C) 2019 Free Software Foundation, Inc.
This is free software; see the source for copying conditions.  There is NO
warranty; not even for MERCHANTABILITY or FITNESS FOR A PARTICULAR PURPOSE.

configure:2962: $? = 0
configure:2951: g++ -v >&5
Using built-in specs.
COLLECT_GCC=g++
COLLECT_LTO_WRAPPER=/usr/lib/gcc/x86_64-linux-gnu/9/lto-wrapper
OFFLOAD_TARGET_NAMES=nvptx-none:hsa
OFFLOAD_TARGET_DEFAULT=1
Target: x86_64-linux-gnu
Configured with: ../src/configure -v --with-pkgversion='Ubuntu 9.4.0-1ubuntu1~20.04.1' --with-bugurl=file:///usr/share/doc/gcc-9/README.Bugs --enable-languages=c,ada,c++,go,brig,d,fortran,objc,obj-c++,gm2 --prefix=/usr --with-gcc-major-version-only --program-suffix=-9 --program-prefix=x86_64-linux-gnu- --enable-shared --enable-linker-build-id --libexecdir=/usr/lib --without-included-gettext --enable-threads=posix --libdir=/usr/lib --enable-nls --enable-clocale=gnu --enable-libstdcxx-debug --enable-libstdcxx-time=yes --with-default-libstdcxx-abi=new --enable-gnu-unique-object --disable-vtable-verify --enable-plugin --enable-default-pie --with-system-zlib --with-target-system-zlib=auto --enable-objc-gc=auto --enable-multiarch --disable-werror --with-arch-32=i686 --with-abi=m64 --with-multilib-list=m32,m64,mx32 --enable-multilib --with-tune=generic --enable-offload-targets=nvptx-none=/build/gcc-9-Av3uEd/gcc-9-9.4.0/debian/tmp-nvptx/usr,hsa --without-cuda-driver --enable-checking=release --build=x86_64-linux-gnu --host=x86_64-linux-gnu --target=x86_64-linux-gnu
Thread model: posix
gcc version 9.4.0 (Ubuntu 9.4.0-1ubuntu1~20.04.1) 
configure:2962: $? = 0
configure:2951: g++ -V >&5
g++: error: unrecognized command line option '-V'
g++: fatal error: no input files
compilation terminated.
configure:2962: $? = 1
configure:2951: g++ -qversion >&5
g++: error: unrecognized command line option '-qversion'; did you mean '--version'?
g++: fatal error: no input files
compilation terminated.
configure:2962: $? = 1
configure:2982: checking whether the C++ compiler works
configure:3004: g++    conftest.cpp  >&5
configure:3008: $? = 0
configure:3058: result: yes
configure:3061: checking for C++ compiler default output file name
configure:3063: result: a.out
configure:3069: checking for suffix of executables
configure:3076: g++ -o conftest    conftest.cpp  >&5
configure:3080: $? = 0
configure:3103: result: 
configure:3125: checking whether we are cross compiling
configure:3133: g++ -o conftest    conftest.cpp  >&5
configure:3137: $? = 0
configure:3144: ./conftest
configure:3148: $? = 0
configure:3136: result: no
configure:3141: checking for suffix of object files
configure:3164: g++ -c   conftest.cpp >&5
configure:3168: $? = 0
configure:3190: result: o
configure:3194: checking whether the compiler supports GNU C++
configure:3214: g++ -c   conftest.cpp >&5
configure:3214: $? = 0
configure:3224: result: yes
configure:3235: checking whether g++ accepts -g
configure:3256: g++ -c -g  conftest.cpp >&5
configure:3256: $? = 0
configure:3300: result: yes
configure:3320: checking for g++ option to enable C++11 features
configure:3335: g++  -c -g -O2  conftest.cpp >&5
configure:3335: $? = 0
configure:3353: result: none needed
configure:3479: checking for gcc
configure:3500: found /usr/bin/gcc
configure:3511: result: gcc
configure:3864: checking for C compiler version
configure:3873: gcc --version >&5
gcc (Ubuntu 9.4.0-1ubuntu1~20.04.1) 9.4.0
Copyright (C) 2019 Free Software Foundation, Inc.
This is free software; see the source for copying conditions.  There is NO
warranty; not even for MERCHANTABILITY or FITNESS FOR A PARTICULAR PURPOSE.

configure:3884: $? = 0
configure:3873: gcc -v >&5
Using built-in specs.
COLLECT_GCC=gcc
COLLECT_LTO_WRAPPER=/usr/lib/gcc/x86_64-linux-gnu/9/lto-wrapper
OFFLOAD_TARGET_NAMES=nvptx-none:hsa
OFFLOAD_TARGET_DEFAULT=1
Target: x86_64-linux-gnu
Configured with: ../src/configure -v --with-pkgversion='Ubuntu 9.4.0-1ubuntu1~20.04.1' --with-bugurl=file:///usr/share/doc/gcc-9/README.Bugs --enable-languages=c,ada,c++,go,brig,d,fortran,objc,obj-c++,gm2 --prefix=/usr --with-gcc-major-version-only --program-suffix=-9 --program-prefix=x86_64-linux-gnu- --enable-shared --enable-linker-build-id --libexecdir=/usr/lib --without-included-gettext --enable-threads=posix --libdir=/usr/lib --enable-nls --enable-clocale=gnu --enable-libstdcxx-debug --enable-libstdcxx-time=yes --with-default-libstdcxx-abi=new --enable-gnu-unique-object --disable-vtable-verify --enable-plugin --enable-default-pie --with-system-zlib --with-target-system-zlib=auto --enable-objc-gc=auto --enable-multiarch --disable-werror --with-arch-32=i686 --with-abi=m64 --with-multilib-list=m32,m64,mx32 --enable-multilib --with-tune=generic --enable-offload-targets=nvptx-none=/build/gcc-9-Av3uEd/gcc-9-9.4.0/debian/tmp-nvptx/usr,hsa --without-cuda-driver --enable-checking=release --build=x86_64-linux-gnu --host=x86_64-linux-gnu --target=x86_64-linux-gnu
Thread model: posix
gcc version 9.4.0 (Ubuntu 9.4.0-1ubuntu1~20.04.1) 
configure:3884: $? = 0
configure:3873: gcc -V >&5
gcc: error: unrecognized command line option '-V'
gcc: fatal error: no input files
compilation terminated.
configure:3884: $? = 1
configure:3873: gcc -qversion >&5
gcc: error: unrecognized command line option '-qversion'; did you mean '--version'?
gcc: fatal error: no input files
compilation terminated.
configure:3884: $? = 1
configure:3873: gcc -version >&5
gcc: error: unrecognized command line option '-version'
gcc: fatal error: no input files
compilation terminated.
configure:3884: $? = 1
configure:3888: checking whether the compiler supports GNU C
configure:3908: gcc -c   conftest.c >&5
configure:3908: $? = 0
configure:3918: result: yes
configure:3929: checking whether gcc accepts -g
configure:3950: gcc -c -g  conftest.c >&5
configure:3950: $? = 0
configure:3994: result: yes
configure:4014: checking for gcc option to enable C11 features
configure:4029: gcc  -c -g -O2  conftest.c >&5
configure:4029: $? = 0
configure:4047: result: none needed
configure:4166: checking for stdio.h
configure:4166: gcc -c -g -O2  conftest.c >&5
configure:4166: $? = 0
configure:4166: result: yes
configure:4166: checking for stdlib.h
configure:4166: gcc -c -g -O2  conftest.c >&5
configure:4166: $? = 0
configure:4166: result: yes
configure:4166: checking for string.h
configure:4166: gcc -c -g -O2  conftest.c >&5
configure:4166: $? = 0
configure:4166: result: yes
configure:4166: checking for inttypes.h
configure:4166: gcc -c -g -O2  conftest.c >&5
configure:4166: $? = 0
configure:4166: result: yes
configure:4166: checking for stdint.h
configure:4166: gcc -c -g -O2  conftest.c >&5
configure:4166: $? = 0
configure:4166: result: yes
configure:4166: checking for strings.h
configure:4166: gcc -c -g -O2  conftest.c >&5
configure:4166: $? = 0
configure:4166: result: yes
configure:4166: checking for sys/stat.h
configure:4166: gcc -c -g -O2  conftest.c >&5
configure:4166: $? = 0
configure:4166: result: yes
configure:4166: checking for sys/types.h
configure:4166: gcc -c -g -O2  conftest.c >&5
configure:4166: $? = 0
configure:4166: result: yes
configure:4166: checking for unistd.h
configure:4166: gcc -c -g -O2  conftest.c >&5
configure:4166: $? = 0
configure:4166: result: yes
configure:4166: checking for vfork.h
configure:4166: gcc -c -g -O2  conftest.c >&5
conftest.c:46:10: fatal error: vfork.h: No such file or directory
   46 | #include <vfork.h>
      |          ^~~~~~~~~
compilation terminated.
configure:4166: $? = 1
configure: failed program was:
| /* confdefs.h */
| #define PACKAGE_NAME "McMini"
| #define PACKAGE_TARNAME "mcmini"
| #define PACKAGE_VERSION "1.0"
| #define PACKAGE_STRING "McMini 1.0"
| #define PACKAGE_BUGREPORT "pirtle.m@northeastern.edu,jovanovic.l@northeastern.edu,gene@ccs.neu.edu"
| #define PACKAGE_URL ""
| #define HAVE_STDIO_H 1
| #define HAVE_STDLIB_H 1
| #define HAVE_STRING_H 1
| #define HAVE_INTTYPES_H 1
| #define HAVE_STDINT_H 1
| #define HAVE_STRINGS_H 1
| #define HAVE_SYS_STAT_H 1
| #define HAVE_SYS_TYPES_H 1
| #define HAVE_UNISTD_H 1
| /* end confdefs.h.  */
| #include <stddef.h>
| #ifdef HAVE_STDIO_H
| # include <stdio.h>
| #endif
| #ifdef HAVE_STDLIB_H
| # include <stdlib.h>
| #endif
| #ifdef HAVE_STRING_H
| # include <string.h>
| #endif
| #ifdef HAVE_INTTYPES_H
| # include <inttypes.h>
| #endif
| #ifdef HAVE_STDINT_H
| # include <stdint.h>
| #endif
| #ifdef HAVE_STRINGS_H
| # include <strings.h>
| #endif
| #ifdef HAVE_SYS_TYPES_H
| # include <sys/types.h>
| #endif
| #ifdef HAVE_SYS_STAT_H
| # include <sys/stat.h>
| #endif
| #ifdef HAVE_UNISTD_H
| # include <unistd.h>
| #endif
| #include <vfork.h>
configure:4166: result: no
configure:4166: checking for sys/param.h
configure:4166: gcc -c -g -O2  conftest.c >&5
configure:4166: $? = 0
configure:4166: result: yes
configure:4191: checking for fcntl.h
configure:4191: gcc -c -g -O2  conftest.c >&5
configure:4191: $? = 0
configure:4191: result: yes
configure:4197: checking for unistd.h
configure:4197: result: yes
configure:4206: checking for _Bool
configure:4206: gcc -c -g -O2  conftest.c >&5
configure:4206: $? = 0
configure:4206: gcc -c -g -O2  conftest.c >&5
conftest.c: In function 'main':
conftest.c:53:20: error: expected expression before ')' token
   53 | if (sizeof ((_Bool)))
      |                    ^
configure:4206: $? = 1
configure: failed program was:
| /* confdefs.h */
| #define PACKAGE_NAME "McMini"
| #define PACKAGE_TARNAME "mcmini"
| #define PACKAGE_VERSION "1.0"
| #define PACKAGE_STRING "McMini 1.0"
| #define PACKAGE_BUGREPORT "pirtle.m@northeastern.edu,jovanovic.l@northeastern.edu,gene@ccs.neu.edu"
| #define PACKAGE_URL ""
| #define HAVE_STDIO_H 1
| #define HAVE_STDLIB_H 1
| #define HAVE_STRING_H 1
| #define HAVE_INTTYPES_H 1
| #define HAVE_STDINT_H 1
| #define HAVE_STRINGS_H 1
| #define HAVE_SYS_STAT_H 1
| #define HAVE_SYS_TYPES_H 1
| #define HAVE_UNISTD_H 1
| #define HAVE_SYS_PARAM_H 1
| #define STDC_HEADERS 1
| #define HAVE_FCNTL_H 1
| #define HAVE_UNISTD_H 1
| /* end confdefs.h.  */
| #include <stddef.h>
| #ifdef HAVE_STDIO_H
| # include <stdio.h>
| #endif
| #ifdef HAVE_STDLIB_H
| # include <stdlib.h>
| #endif
| #ifdef HAVE_STRING_H
| # include <string.h>
| #endif
| #ifdef HAVE_INTTYPES_H
| # include <inttypes.h>
| #endif
| #ifdef HAVE_STDINT_H
| # include <stdint.h>
| #endif
| #ifdef HAVE_STRINGS_H
| # include <strings.h>
| #endif
| #ifdef HAVE_SYS_TYPES_H
| # include <sys/types.h>
| #endif
| #ifdef HAVE_SYS_STAT_H
| # include <sys/stat.h>
| #endif
| #ifdef HAVE_UNISTD_H
| # include <unistd.h>
| #endif
| int
| main (void)
| {
| if (sizeof ((_Bool)))
| 	    return 0;
|   ;
|   return 0;
| }
configure:4206: result: yes
configure:4215: checking for stdbool.h that conforms to C99
configure:4331: gcc -c -g -O2  conftest.c >&5
configure:4331: $? = 0
configure:4339: result: yes
configure:4343: checking for pid_t
configure:4343: gcc -c -g -O2  conftest.c >&5
configure:4343: $? = 0
configure:4343: gcc -c -g -O2  conftest.c >&5
conftest.c: In function 'main':
conftest.c:55:20: error: expected expression before ')' token
   55 | if (sizeof ((pid_t)))
      |                    ^
configure:4343: $? = 1
configure: failed program was:
| /* confdefs.h */
| #define PACKAGE_NAME "McMini"
| #define PACKAGE_TARNAME "mcmini"
| #define PACKAGE_VERSION "1.0"
| #define PACKAGE_STRING "McMini 1.0"
| #define PACKAGE_BUGREPORT "pirtle.m@northeastern.edu,jovanovic.l@northeastern.edu,gene@ccs.neu.edu"
| #define PACKAGE_URL ""
| #define HAVE_STDIO_H 1
| #define HAVE_STDLIB_H 1
| #define HAVE_STRING_H 1
| #define HAVE_INTTYPES_H 1
| #define HAVE_STDINT_H 1
| #define HAVE_STRINGS_H 1
| #define HAVE_SYS_STAT_H 1
| #define HAVE_SYS_TYPES_H 1
| #define HAVE_UNISTD_H 1
| #define HAVE_SYS_PARAM_H 1
| #define STDC_HEADERS 1
| #define HAVE_FCNTL_H 1
| #define HAVE_UNISTD_H 1
| #define HAVE__BOOL 1
| /* end confdefs.h.  */
| #include <stddef.h>
| #ifdef HAVE_STDIO_H
| # include <stdio.h>
| #endif
| #ifdef HAVE_STDLIB_H
| # include <stdlib.h>
| #endif
| #ifdef HAVE_STRING_H
| # include <string.h>
| #endif
| #ifdef HAVE_INTTYPES_H
| # include <inttypes.h>
| #endif
| #ifdef HAVE_STDINT_H
| # include <stdint.h>
| #endif
| #ifdef HAVE_STRINGS_H
| # include <strings.h>
| #endif
| #ifdef HAVE_SYS_TYPES_H
| # include <sys/types.h>
| #endif
| #ifdef HAVE_SYS_STAT_H
| # include <sys/stat.h>
| #endif
| #ifdef HAVE_UNISTD_H
| # include <unistd.h>
| #endif
| 
| int
| main (void)
| {
| if (sizeof ((pid_t)))
| 	    return 0;
|   ;
|   return 0;
| }
configure:4343: result: yes
configure:4379: checking for C/C++ restrict keyword
configure:4409: gcc -c -g -O2  conftest.c >&5
configure:4409: $? = 0
configure:4418: result: __restrict__
configure:4429: checking for size_t
configure:4429: gcc -c -g -O2  conftest.c >&5
configure:4429: $? = 0
configure:4429: gcc -c -g -O2  conftest.c >&5
conftest.c: In function 'main':
conftest.c:55:21: error: expected expression before ')' token
   55 | if (sizeof ((size_t)))
      |                     ^
configure:4429: $? = 1
configure: failed program was:
| /* confdefs.h */
| #define PACKAGE_NAME "McMini"
| #define PACKAGE_TARNAME "mcmini"
| #define PACKAGE_VERSION "1.0"
| #define PACKAGE_STRING "McMini 1.0"
| #define PACKAGE_BUGREPORT "pirtle.m@northeastern.edu,jovanovic.l@northeastern.edu,gene@ccs.neu.edu"
| #define PACKAGE_URL ""
| #define HAVE_STDIO_H 1
| #define HAVE_STDLIB_H 1
| #define HAVE_STRING_H 1
| #define HAVE_INTTYPES_H 1
| #define HAVE_STDINT_H 1
| #define HAVE_STRINGS_H 1
| #define HAVE_SYS_STAT_H 1
| #define HAVE_SYS_TYPES_H 1
| #define HAVE_UNISTD_H 1
| #define HAVE_SYS_PARAM_H 1
| #define STDC_HEADERS 1
| #define HAVE_FCNTL_H 1
| #define HAVE_UNISTD_H 1
| #define HAVE__BOOL 1
| #define restrict __restrict__
| /* end confdefs.h.  */
| #include <stddef.h>
| #ifdef HAVE_STDIO_H
| # include <stdio.h>
| #endif
| #ifdef HAVE_STDLIB_H
| # include <stdlib.h>
| #endif
| #ifdef HAVE_STRING_H
| # include <string.h>
| #endif
| #ifdef HAVE_INTTYPES_H
| # include <inttypes.h>
| #endif
| #ifdef HAVE_STDINT_H
| # include <stdint.h>
| #endif
| #ifdef HAVE_STRINGS_H
| # include <strings.h>
| #endif
| #ifdef HAVE_SYS_TYPES_H
| # include <sys/types.h>
| #endif
| #ifdef HAVE_SYS_STAT_H
| # include <sys/stat.h>
| #endif
| #ifdef HAVE_UNISTD_H
| # include <unistd.h>
| #endif
| int
| main (void)
| {
| if (sizeof ((size_t)))
| 	    return 0;
|   ;
|   return 0;
| }
configure:4429: result: yes
configure:4439: checking for uint32_t
configure:4439: gcc -c -g -O2  conftest.c >&5
configure:4439: $? = 0
configure:4439: result: yes
configure:4451: checking for uint64_t
configure:4451: gcc -c -g -O2  conftest.c >&5
configure:4451: $? = 0
configure:4451: result: yes
configure:4470: checking for fork
configure:4470: gcc -o conftest -g -O2   conftest.c  >&5
conftest.c:40:6: warning: conflicting types for built-in function 'fork'; expected 'int(void)' [-Wbuiltin-declaration-mismatch]
   40 | char fork ();
      |      ^~~~
configure:4470: $? = 0
configure:4470: result: yes
configure:4470: checking for vfork
configure:4470: gcc -o conftest -g -O2   conftest.c  >&5
configure:4470: $? = 0
configure:4470: result: yes
configure:4470: checking for getpagesize
configure:4470: gcc -o conftest -g -O2   conftest.c  >&5
configure:4470: $? = 0
configure:4470: result: yes
configure:4483: checking for working fork
configure:4507: gcc -o conftest -g -O2   conftest.c  >&5
configure:4507: $? = 0
configure:4507: ./conftest
configure:4507: $? = 0
configure:4518: result: yes
configure:4539: checking for working vfork
configure:4668: result: yes
configure:4700: checking build system type
configure:4715: result: x86_64-pc-linux-gnu
configure:4735: checking host system type
configure:4749: result: x86_64-pc-linux-gnu
configure:4769: checking for GNU libc compatible malloc
configure:4801: gcc -o conftest -g -O2   conftest.c  >&5
configure:4801: $? = 0
configure:4801: ./conftest
configure:4801: $? = 0
configure:4812: result: yes
configure:4838: checking for working mmap
configure:4990: gcc -o conftest -g -O2   conftest.c  >&5
configure:4990: $? = 0
configure:4990: ./conftest
configure:4990: $? = 0
configure:5001: result: yes
configure:5010: checking for atexit
configure:5010: gcc -o conftest -g -O2   conftest.c  >&5
configure:5010: $? = 0
configure:5010: result: yes
configure:5016: checking for ftruncate
configure:5016: gcc -o conftest -g -O2   conftest.c  >&5
configure:5016: $? = 0
configure:5016: result: yes
configure:5022: checking for setenv
configure:5022: gcc -o conftest -g -O2   conftest.c  >&5
configure:5022: $? = 0
configure:5022: result: yes
configure:5028: checking for strtoul
configure:5028: gcc -o conftest -g -O2   conftest.c  >&5
configure:5028: $? = 0
configure:5028: result: yes
configure:5184: creating ./config.status

## ---------------------- ##
## Running config.status. ##
## ---------------------- ##

This file was extended by McMini config.status 1.0, which was
generated by GNU Autoconf 2.71.  Invocation command line was

  CONFIG_FILES    = 
  CONFIG_HEADERS  = 
  CONFIG_LINKS    = 
  CONFIG_COMMANDS = 
  $ ./config.status 

on NisargPC

config.status:725: creating Makefile
config.status:725: creating mcmini-gdb

## ---------------- ##
## Cache variables. ##
## ---------------- ##

ac_cv_build=x86_64-pc-linux-gnu
ac_cv_c_compiler_gnu=yes
ac_cv_c_restrict=__restrict__
ac_cv_c_uint32_t=yes
ac_cv_c_uint64_t=yes
ac_cv_cxx_compiler_gnu=yes
ac_cv_env_CCC_set=
ac_cv_env_CCC_value=
ac_cv_env_CC_set=
ac_cv_env_CC_value=
ac_cv_env_CFLAGS_set=
ac_cv_env_CFLAGS_value=
ac_cv_env_CPPFLAGS_set=
ac_cv_env_CPPFLAGS_value=
ac_cv_env_CXXFLAGS_set=
ac_cv_env_CXXFLAGS_value=
ac_cv_env_CXX_set=
ac_cv_env_CXX_value=
ac_cv_env_LDFLAGS_set=
ac_cv_env_LDFLAGS_value=
ac_cv_env_LIBS_set=
ac_cv_env_LIBS_value=
ac_cv_env_build_alias_set=
ac_cv_env_build_alias_value=
ac_cv_env_host_alias_set=
ac_cv_env_host_alias_value=
ac_cv_env_target_alias_set=
ac_cv_env_target_alias_value=
ac_cv_func_atexit=yes
ac_cv_func_fork=yes
ac_cv_func_fork_works=yes
ac_cv_func_ftruncate=yes
ac_cv_func_getpagesize=yes
ac_cv_func_malloc_0_nonnull=yes
ac_cv_func_mmap_fixed_mapped=yes
ac_cv_func_setenv=yes
ac_cv_func_strtoul=yes
ac_cv_func_vfork=yes
ac_cv_func_vfork_works=yes
ac_cv_header_fcntl_h=yes
ac_cv_header_inttypes_h=yes
ac_cv_header_stdbool_h=yes
ac_cv_header_stdint_h=yes
ac_cv_header_stdio_h=yes
ac_cv_header_stdlib_h=yes
ac_cv_header_string_h=yes
ac_cv_header_strings_h=yes
ac_cv_header_sys_param_h=yes
ac_cv_header_sys_stat_h=yes
ac_cv_header_sys_types_h=yes
ac_cv_header_unistd_h=yes
ac_cv_header_vfork_h=no
ac_cv_host=x86_64-pc-linux-gnu
ac_cv_objext=o
ac_cv_prog_ac_ct_CC=gcc
ac_cv_prog_ac_ct_CXX=g++
ac_cv_prog_cc_c11=
ac_cv_prog_cc_g=yes
ac_cv_prog_cc_stdc=
ac_cv_prog_cxx_11=no
ac_cv_prog_cxx_cxx11=
ac_cv_prog_cxx_g=yes
ac_cv_prog_cxx_stdcxx=
ac_cv_type__Bool=yes
ac_cv_type_pid_t=yes
ac_cv_type_size_t=yes

## ----------------- ##
## Output variables. ##
## ----------------- ##

CC='gcc'
CFLAGS='-g -O2'
CPPFLAGS=''
CXX='g++'
CXXFLAGS='-g -O2'
DEFS='-DPACKAGE_NAME=\"McMini\" -DPACKAGE_TARNAME=\"mcmini\" -DPACKAGE_VERSION=\"1.0\" -DPACKAGE_STRING=\"McMini\ 1.0\" -DPACKAGE_BUGREPORT=\"pirtle.m@northeastern.edu,jovanovic.l@northeastern.edu,gene@ccs.neu.edu\" -DPACKAGE_URL=\"\" -DHAVE_STDIO_H=1 -DHAVE_STDLIB_H=1 -DHAVE_STRING_H=1 -DHAVE_INTTYPES_H=1 -DHAVE_STDINT_H=1 -DHAVE_STRINGS_H=1 -DHAVE_SYS_STAT_H=1 -DHAVE_SYS_TYPES_H=1 -DHAVE_UNISTD_H=1 -DHAVE_SYS_PARAM_H=1 -DSTDC_HEADERS=1 -DHAVE_FCNTL_H=1 -DHAVE_UNISTD_H=1 -DHAVE__BOOL=1 -Drestrict=__restrict__ -DHAVE_FORK=1 -DHAVE_VFORK=1 -DHAVE_GETPAGESIZE=1 -DHAVE_WORKING_VFORK=1 -DHAVE_WORKING_FORK=1 -DHAVE_MALLOC=1 -DHAVE_MMAP=1 -DHAVE_ATEXIT=1 -DHAVE_FTRUNCATE=1 -DHAVE_SETENV=1 -DHAVE_STRTOUL=1'
ECHO_C=''
ECHO_N='-n'
ECHO_T=''
EXEEXT=''
LDFLAGS=''
LIBOBJS=''
LIBS=''
LTLIBOBJS=''
OBJEXT='o'
PACKAGE_BUGREPORT='pirtle.m@northeastern.edu,jovanovic.l@northeastern.edu,gene@ccs.neu.edu'
PACKAGE_NAME='McMini'
PACKAGE_STRING='McMini 1.0'
PACKAGE_TARNAME='mcmini'
PACKAGE_URL=''
PACKAGE_VERSION='1.0'
PATH_SEPARATOR=':'
PWD='/home/nisarg/OS/CS5600-Computer-Systems-Assignments/hw7/mcmini-alpha'
SHELL='/bin/bash'
ac_ct_CC='gcc'
ac_ct_CXX='g++'
bindir='${exec_prefix}/bin'
build='x86_64-pc-linux-gnu'
build_alias=''
build_cpu='x86_64'
build_os='linux-gnu'
build_vendor='pc'
datadir='${datarootdir}'
datarootdir='${prefix}/share'
docdir='${datarootdir}/doc/${PACKAGE_TARNAME}'
dvidir='${docdir}'
exec_prefix='${prefix}'
host='x86_64-pc-linux-gnu'
host_alias=''
host_cpu='x86_64'
host_os='linux-gnu'
host_vendor='pc'
htmldir='${docdir}'
includedir='${prefix}/include'
infodir='${datarootdir}/info'
libdir='${exec_prefix}/lib'
libexecdir='${exec_prefix}/libexec'
localedir='${datarootdir}/locale'
localstatedir='${prefix}/var'
mandir='${datarootdir}/man'
oldincludedir='/usr/include'
pdfdir='${docdir}'
prefix='/usr/local'
program_transform_name='s,x,x,'
psdir='${docdir}'
runstatedir='${localstatedir}/run'
sbindir='${exec_prefix}/sbin'
sharedstatedir='${prefix}/com'
sysconfdir='${prefix}/etc'
target_alias=''

## ----------- ##
## confdefs.h. ##
## ----------- ##

/* confdefs.h */
#define PACKAGE_NAME "McMini"
#define PACKAGE_TARNAME "mcmini"
#define PACKAGE_VERSION "1.0"
#define PACKAGE_STRING "McMini 1.0"
#define PACKAGE_BUGREPORT "pirtle.m@northeastern.edu,jovanovic.l@northeastern.edu,gene@ccs.neu.edu"
#define PACKAGE_URL ""
#define HAVE_STDIO_H 1
#define HAVE_STDLIB_H 1
#define HAVE_STRING_H 1
#define HAVE_INTTYPES_H 1
#define HAVE_STDINT_H 1
#define HAVE_STRINGS_H 1
#define HAVE_SYS_STAT_H 1
#define HAVE_SYS_TYPES_H 1
#define HAVE_UNISTD_H 1
#define HAVE_SYS_PARAM_H 1
#define STDC_HEADERS 1
#define HAVE_FCNTL_H 1
#define HAVE_UNISTD_H 1
#define HAVE__BOOL 1
#define restrict __restrict__
#define HAVE_FORK 1
#define HAVE_VFORK 1
#define HAVE_GETPAGESIZE 1
#define HAVE_WORKING_VFORK 1
#define HAVE_WORKING_FORK 1
#define HAVE_MALLOC 1
#define HAVE_MMAP 1
#define HAVE_ATEXIT 1
#define HAVE_FTRUNCATE 1
#define HAVE_SETENV 1
#define HAVE_STRTOUL 1

configure: exit 0
